2024-08-13 10:10:04 WARNING: Compression for receiving enabled. Compression has been used in the past to break encryption. Sent packets are not compressed unless "allow-compression yes" is also set.
2024-08-13 10:10:04 WARNING: Compression for sending and receiving enabled. Compression has been used in the past to break encryption. Allowing compression allows attacks that break encryption. Using "--allow-compression yes" is strongly discouraged for common usage. See --compress in the manual page for more information 
2024-08-13 10:10:04 us=39861 WARNING: file '/usr/openvpn/easy-rsa/pki/ta.key' is group or others accessible
2024-08-13 10:10:04 us=39933 Current Parameter Settings:
2024-08-13 10:10:04 us=39949   config = './server/server.conf'
2024-08-13 10:10:04 us=39963   mode = 1
2024-08-13 10:10:04 us=39977   persist_config = DISABLED
2024-08-13 10:10:04 us=39991   persist_mode = 1
2024-08-13 10:10:04 us=40005   show_ciphers = DISABLED
2024-08-13 10:10:04 us=40018 NOTE: --mute triggered...
2024-08-13 10:10:04 us=40037 240 variation(s) on previous 20 message(s) suppressed by --mute
2024-08-13 10:10:04 us=40057 OpenVPN 2.6.11 x86_64-alpine-linux-musl [SSL (OpenSSL)] [LZO] [LZ4] [EPOLL] [MH/PKTINFO] [AEAD]
2024-08-13 10:10:04 us=40080 library versions: OpenSSL 3.3.1 4 Jun 2024, LZO 2.10
2024-08-13 10:10:04 us=42968 Diffie-Hellman initialized with 2048 bit key
2024-08-13 10:10:04 us=44024 OpenSSL: error:0480006C:PEM routines::no start line:Expecting: X509 CRL:crypto/pem/pem_lib.c:773:get_name
2024-08-13 10:10:04 us=44055 CRL: cannot read CRL from file /usr/openvpn/easy-rsa/pki/crl.pem
2024-08-13 10:10:04 us=44098 CRL: loaded 0 CRLs from file /usr/openvpn/easy-rsa/pki/crl.pem
2024-08-13 10:10:04 us=44220 Outgoing Control Channel Authentication: Using 512 bit message hash 'SHA512' for HMAC authentication
2024-08-13 10:10:04 us=44268 Outgoing Control Channel Authentication: HMAC KEY: 6ca05556 c56bd92d 0c7aaec8 543d1d10 05e8ae40 7a2412c8 3d0601e8 a1d91e6a 36f43c2e f4a564e5 115ded66 757e0574 a129cbb8 39a701a6 046ab9d7 c9c5f043
2024-08-13 10:10:04 us=44285 Outgoing Control Channel Authentication: HMAC size=64 block_size=64
2024-08-13 10:10:04 us=44311 Incoming Control Channel Authentication: Using 512 bit message hash 'SHA512' for HMAC authentication
2024-08-13 10:10:04 us=44347 Incoming Control Channel Authentication: HMAC KEY: 53d91050 8a81688c 4a64d363 3dd6067c 2812c9f1 78b65bbd 95b1ae60 441383b9 1ceb7c2a 6982ba2b a8aede4b 1a0cbd94 ddaf9d2b 5515bc31 163fd788 2c35ef7c
2024-08-13 10:10:04 us=44363 Incoming Control Channel Authentication: HMAC size=64 block_size=64
2024-08-13 10:10:04 us=44383 PID packet_id_init seq_backtrack=64 time_backtrack=15
2024-08-13 10:10:04 us=44428 MTU: adding 426 buffer tailroom for compression for 1768 bytes of payload
2024-08-13 10:10:04 us=44452 TLS-Auth MTU parms [ mss_fix:0 max_frag:0 tun_mtu:1250 tun_max_mtu:0 headroom:126 payload:1600 tailroom:126 ET:0 ]
2024-08-13 10:10:04 us=44563 ROUTE_GATEWAY 172.18.0.1/255.255.0.0 IFACE=eth0 HWADDR=02:42:ac:12:00:02
2024-08-13 10:10:04 us=44879 TUN/TAP device tun0 opened
2024-08-13 10:10:04 us=44901 do_ifconfig, ipv4=1, ipv6=0
2024-08-13 10:10:04 us=44921 /sbin/ip link set dev tun0 up mtu 1500
2024-08-13 10:10:04 us=47523 /sbin/ip link set dev tun0 up
2024-08-13 10:10:04 us=48557 /sbin/ip addr add dev tun0 local 10.10.10.1 peer 10.10.10.2
2024-08-13 10:10:04 us=49565 /sbin/ip route add 10.10.10.0/24 via 10.10.10.2
2024-08-13 10:10:04 us=51853 Data Channel MTU parms [ mss_fix:0 max_frag:0 tun_mtu:1500 tun_max_mtu:1600 headroom:136 payload:1768 tailroom:562 ET:0 ]
2024-08-13 10:10:04 us=51887 Could not determine IPv4/IPv6 protocol. Using AF_INET
2024-08-13 10:10:04 us=51917 Socket Buffers: R=[212992->212992] S=[212992->212992]
2024-08-13 10:10:04 us=51944 UDPv4 link local (bound): [AF_INET][undef]:1194
2024-08-13 10:10:04 us=51961 UDPv4 link remote: [AF_UNSPEC]
2024-08-13 10:10:04 us=51979 MULTI: multi_init called, r=256 v=256
2024-08-13 10:10:04 us=52029 IFCONFIG POOL IPv4: base=10.10.10.4 size=248
2024-08-13 10:10:04 us=52059 PO_INIT maxevents=5 flags=0x00000002
2024-08-13 10:10:04 us=52096 Initialization Sequence Completed
2024-08-13 10:10:04 us=52112 SCHEDULE: schedule_find_least NULL
2024-08-13 10:10:04 us=52127 PO_CTL rwflags=0x0001 ev=5 arg=0x55ed2952f320
2024-08-13 10:10:04 us=52141 PO_CTL rwflags=0x0001 ev=4 arg=0x55ed2952f068
2024-08-13 10:10:04 us=52157 I/O WAIT TR|Tw|SR|Sw [10/0]
2024-08-13 10:10:04 us=52177 PO_WAIT[1,0] fd=4 rev=0x00000001 rwflags=0x0001 arg=0x55ed2952f068 
2024-08-13 10:10:04 us=52190 I/O WAIT status=0x0004
2024-08-13 10:10:04 us=52977 NOTE: --mute triggered...
2024-08-13 10:14:38 WARNING: Compression for receiving enabled. Compression has been used in the past to break encryption. Sent packets are not compressed unless "allow-compression yes" is also set.
2024-08-13 10:14:38 WARNING: Compression for sending and receiving enabled. Compression has been used in the past to break encryption. Allowing compression allows attacks that break encryption. Using "--allow-compression yes" is strongly discouraged for common usage. See --compress in the manual page for more information 
2024-08-13 10:14:38 us=830522 WARNING: file '/usr/openvpn/easy-rsa/pki/ta.key' is group or others accessible
2024-08-13 10:14:38 us=830604 Current Parameter Settings:
2024-08-13 10:14:38 us=830622   config = './server/server.conf'
2024-08-13 10:14:38 us=830636   mode = 1
2024-08-13 10:14:38 us=830650   persist_config = DISABLED
2024-08-13 10:14:38 us=830664   persist_mode = 1
2024-08-13 10:14:38 us=830677   show_ciphers = DISABLED
2024-08-13 10:14:38 us=830691 NOTE: --mute triggered...
2024-08-13 10:14:38 us=830709 240 variation(s) on previous 20 message(s) suppressed by --mute
2024-08-13 10:14:38 us=830728 OpenVPN 2.6.11 x86_64-alpine-linux-musl [SSL (OpenSSL)] [LZO] [LZ4] [EPOLL] [MH/PKTINFO] [AEAD]
2024-08-13 10:14:38 us=830750 library versions: OpenSSL 3.3.1 4 Jun 2024, LZO 2.10
2024-08-13 10:14:38 us=835822 Diffie-Hellman initialized with 2048 bit key
2024-08-13 10:14:38 us=837792 OpenSSL: error:0480006C:PEM routines::no start line:Expecting: X509 CRL:crypto/pem/pem_lib.c:773:get_name
2024-08-13 10:14:38 us=837817 CRL: cannot read CRL from file /usr/openvpn/easy-rsa/pki/crl.pem
2024-08-13 10:14:38 us=837832 CRL: loaded 0 CRLs from file /usr/openvpn/easy-rsa/pki/crl.pem
2024-08-13 10:14:38 us=838067 Outgoing Control Channel Authentication: Using 512 bit message hash 'SHA512' for HMAC authentication
2024-08-13 10:14:38 us=838104 Outgoing Control Channel Authentication: HMAC KEY: 6ca05556 c56bd92d 0c7aaec8 543d1d10 05e8ae40 7a2412c8 3d0601e8 a1d91e6a 36f43c2e f4a564e5 115ded66 757e0574 a129cbb8 39a701a6 046ab9d7 c9c5f043
2024-08-13 10:14:38 us=838119 Outgoing Control Channel Authentication: HMAC size=64 block_size=64
2024-08-13 10:14:38 us=838145 Incoming Control Channel Authentication: Using 512 bit message hash 'SHA512' for HMAC authentication
2024-08-13 10:14:38 us=838169 Incoming Control Channel Authentication: HMAC KEY: 53d91050 8a81688c 4a64d363 3dd6067c 2812c9f1 78b65bbd 95b1ae60 441383b9 1ceb7c2a 6982ba2b a8aede4b 1a0cbd94 ddaf9d2b 5515bc31 163fd788 2c35ef7c
2024-08-13 10:14:38 us=838183 Incoming Control Channel Authentication: HMAC size=64 block_size=64
2024-08-13 10:14:38 us=838203 PID packet_id_init seq_backtrack=64 time_backtrack=15
2024-08-13 10:14:38 us=838231 MTU: adding 426 buffer tailroom for compression for 1768 bytes of payload
2024-08-13 10:14:38 us=838249 TLS-Auth MTU parms [ mss_fix:0 max_frag:0 tun_mtu:1250 tun_max_mtu:0 headroom:126 payload:1600 tailroom:126 ET:0 ]
2024-08-13 10:14:38 us=838340 ROUTE_GATEWAY 172.18.0.1/255.255.0.0 IFACE=eth0 HWADDR=02:42:ac:12:00:02
2024-08-13 10:14:38 us=838646 TUN/TAP device tun0 opened
2024-08-13 10:14:38 us=838673 do_ifconfig, ipv4=1, ipv6=0
2024-08-13 10:14:38 us=838693 /sbin/ip link set dev tun0 up mtu 1500
2024-08-13 10:14:38 us=844127 /sbin/ip link set dev tun0 up
2024-08-13 10:14:38 us=845069 /sbin/ip addr add dev tun0 local 10.10.10.1 peer 10.10.10.2
2024-08-13 10:14:38 us=847851 /sbin/ip route add 10.10.10.0/24 via 10.10.10.2
2024-08-13 10:14:38 us=848773 Data Channel MTU parms [ mss_fix:0 max_frag:0 tun_mtu:1500 tun_max_mtu:1600 headroom:136 payload:1768 tailroom:562 ET:0 ]
2024-08-13 10:14:38 us=848809 Could not determine IPv4/IPv6 protocol. Using AF_INET
2024-08-13 10:14:38 us=848838 Socket Buffers: R=[212992->212992] S=[212992->212992]
2024-08-13 10:14:38 us=848865 UDPv4 link local (bound): [AF_INET][undef]:1194
2024-08-13 10:14:38 us=848881 UDPv4 link remote: [AF_UNSPEC]
2024-08-13 10:14:38 us=848898 MULTI: multi_init called, r=256 v=256
2024-08-13 10:14:38 us=848937 IFCONFIG POOL IPv4: base=10.10.10.4 size=248
2024-08-13 10:14:38 us=848966 PO_INIT maxevents=5 flags=0x00000002
2024-08-13 10:14:38 us=848998 Initialization Sequence Completed
2024-08-13 10:14:38 us=849020 SCHEDULE: schedule_find_least NULL
2024-08-13 10:14:38 us=849040 PO_CTL rwflags=0x0001 ev=5 arg=0x55ffe267a320
2024-08-13 10:14:38 us=849054 PO_CTL rwflags=0x0001 ev=4 arg=0x55ffe267a068
2024-08-13 10:14:38 us=849071 I/O WAIT TR|Tw|SR|Sw [10/0]
2024-08-13 10:14:38 us=849089 PO_WAIT[1,0] fd=4 rev=0x00000001 rwflags=0x0001 arg=0x55ffe267a068 
2024-08-13 10:14:38 us=849103 I/O WAIT status=0x0004
2024-08-13 10:14:38 us=850817 NOTE: --mute triggered...
